<?xml version="1.0" encoding="UTF-8"?>
<!-- Generated by org.testng.reporters.JUnitReportReporter -->
<testsuite hostname="LAPTOP-T7PI7EN2" failures="0" tests="3" name="testcases.Shop" time="0.004" errors="0" timestamp="2024-02-02T12:52:57 IST" skipped="0">
  <testcase classname="testcases.Shop" name="addtokart" time="0.002"/>
  <system-out/>
  <testcase classname="testcases.Shop" name="addtokart" time="0.000"/>
  <system-out/>
  <testcase classname="testcases.Shop" name="addtokart" time="0.002"/>
  <system-out/>
</testsuite> <!-- testcases.Shop -->
